<?xml version="1.0" encoding="UTF-8"?>
<!-- Generated by org.testng.reporters.JUnitReportReporter -->
<testsuite hostname="DESKTOP-MA7LGP5" failures="0" tests="1" name="testcases.Select_by_departmenttest" time="67.111" errors="0" timestamp="2023-04-09T18:30:21 IST" skipped="0">
  <testcase classname="testcases.Select_by_departmenttest" name="dept" time="67.111"/>
</testsuite> <!-- testcases.Select_by_departmenttest -->
