<?xml version="1.0" encoding="UTF-8"?>
<!-- Generated by org.testng.reporters.JUnitReportReporter -->
<testsuite hostname="DESKTOP-MA7LGP5" failures="0" tests="2" name="testcases.Logintest" time="94.168" errors="0" timestamp="2023-04-09T22:44:21 IST" skipped="0">
  <testcase classname="testcases.Logintest" name="login" time="41.765"/>
  <testcase classname="testcases.Logintest" name="loginwithinvalid" time="52.403"/>
</testsuite> <!-- testcases.Logintest -->
